<?xml version="1.0" encoding="utf-8"?><testsuites name="pytest tests"><testsuite name="pytest" errors="0" failures="0" skipped="0" tests="21" time="6.571" timestamp="2026-06-15T15:39:39.089395+00:00" hostname="agent-env-5888be40-4509-42f9-9491-a9c28a7ba888"><testcase classname="backend.tests.test_matchmaking_v41.TestRegressionSmoke" name="test_me" time="0.133" /><testcase classname="backend.tests.test_matchmaking_v41.TestRegressionSmoke" name="test_wallet" time="0.104" /><testcase classname="backend.tests.test_matchmaking_v41.TestRegressionSmoke" name="test_duels_live" time="0.244" /><testcase classname="backend.tests.test_matchmaking_v41.TestRegressionSmoke" name="test_duels_open" time="0.108" /><testcase classname="backend.tests.test_matchmaking_v41.TestRegressionSmoke" name="test_dashboard" time="0.270" /><testcase classname="backend.tests.test_matchmaking_v41.TestRegressionSmoke" name="test_legacy_spawn" time="0.115" /><testcase classname="backend.tests.test_matchmaking_v41.TestDuelEnter" name="test_enter_deducts_wallet_and_queues" time="0.208" /><testcase classname="backend.tests.test_matchmaking_v41.TestDuelEnter" name="test_enter_insufficient_balance_402" time="0.103" /><testcase classname="backend.tests.test_matchmaking_v41.TestDuelEnter" name="test_enter_double_entry_409" time="0.187" /><testcase classname="backend.tests.test_matchmaking_v41.TestDuelEnter" name="test_enter_invalid_account_size" time="0.099" /><testcase classname="backend.tests.test_matchmaking_v41.TestPeerPairing" name="test_two_users_pair_at_same_tier" time="0.400" /><testcase classname="backend.tests.test_matchmaking_v41.TestReadyFlow" name="test_ready_sets_timestamp_and_transitions_to_starting" time="0.968" /><testcase classname="backend.tests.test_matchmaking_v41.TestReadyFlow" name="test_ready_non_participant_forbidden" time="0.250" /><testcase classname="backend.tests.test_matchmaking_v41.TestBotFallback" name="test_bot_pairs_when_queue_expires" time="0.223" /><testcase classname="backend.tests.test_matchmaking_v41.TestLiveTransition" name="test_starting_to_live_when_trade_starts_at_elapses" time="0.479" /><testcase classname="backend.tests.test_matchmaking_v41.TestReadyTimeoutRefund" name="test_ready_deadline_expiry_cancels_and_refunds_both" time="0.697" /><testcase classname="backend.tests.test_matchmaking_v41.TestReadyTimeoutRefund" name="test_bot_match_ready_timeout_only_refunds_human" time="0.543" /><testcase classname="backend.tests.test_matchmaking_v41.TestQueueCancel" name="test_entrant_can_cancel_queueing_full_refund" time="0.354" /><testcase classname="backend.tests.test_matchmaking_v41.TestQueueCancel" name="test_cancel_after_paired_returns_409" time="0.356" /><testcase classname="backend.tests.test_matchmaking_v41.TestQueueCancel" name="test_non_entrant_cannot_cancel" time="0.243" /><testcase classname="backend.tests.test_matchmaking_v41.TestMT5" name="test_mt5_deterministic_and_participant_only" time="0.288" /></testsuite></testsuites>