<?xml version="1.0" encoding="utf-8"?><testsuites name="pytest tests"><testsuite name="pytest" errors="0" failures="0" skipped="0" tests="14" time="2.797" timestamp="2026-06-09T00:08:15.071238+00:00" hostname="agent-env-8c6d880e-1d5d-47cc-a95f-fc3f2c51ae79"><testcase classname="tests.backend_test.TestHealth" name="test_root" time="0.286" /><testcase classname="tests.backend_test.TestHealth" name="test_me_default_user" time="0.048" /><testcase classname="tests.backend_test.TestDuelMT5Fields" name="test_get_duel_returns_mt5_fields" time="0.118" /><testcase classname="tests.backend_test.TestMT5Credentials" name="test_mt5_creds_for_participant" time="0.054" /><testcase classname="tests.backend_test.TestMT5Credentials" name="test_mt5_deterministic" time="0.107" /><testcase classname="tests.backend_test.TestMT5Credentials" name="test_mt5_forbidden_for_non_participant" time="0.123" /><testcase classname="tests.backend_test.TestMT5Credentials" name="test_mt5_404_unknown_duel" time="0.056" /><testcase classname="tests.backend_test.TestConfirmLogin" name="test_confirm_login_persists" time="0.489" /><testcase classname="tests.backend_test.TestConfirmLogin" name="test_confirm_login_404" time="0.048" /><testcase classname="tests.backend_test.TestAdminDuelsMT5" name="test_admin_duels_has_mt5_fields" time="0.661" /><testcase classname="tests.backend_test.TestAdminDuelsMT5" name="test_admin_matches_by_status_groups" time="0.058" /><testcase classname="tests.backend_test.TestAdminSettlements" name="test_list_settlements" time="0.053" /><testcase classname="tests.backend_test.TestAdminSettlements" name="test_settlement_detail_mock" time="0.478" /><testcase classname="tests.backend_test.TestAffiliate" name="test_me_affiliate" time="0.050" /></testsuite></testsuites>