<?xml version="1.0" encoding="utf-8"?><testsuites name="pytest tests"><testsuite name="pytest" errors="0" failures="0" skipped="0" tests="19" time="43.934" timestamp="2026-06-09T21:14:33.735606+00:00" hostname="agent-env-8c6d880e-1d5d-47cc-a95f-fc3f2c51ae79"><testcase classname="backend.tests.backend_test.TestHealth" name="test_root" time="1.332" /><testcase classname="backend.tests.backend_test.TestHealth" name="test_me_default_user" time="0.060" /><testcase classname="backend.tests.backend_test.TestDuelMT5Fields" name="test_get_duel_returns_mt5_fields" time="5.764" /><testcase classname="backend.tests.backend_test.TestMT5Credentials" name="test_mt5_creds_for_participant" time="0.055" /><testcase classname="backend.tests.backend_test.TestMT5Credentials" name="test_mt5_deterministic" time="0.111" /><testcase classname="backend.tests.backend_test.TestMT5Credentials" name="test_mt5_forbidden_for_non_participant" time="0.118" /><testcase classname="backend.tests.backend_test.TestMT5Credentials" name="test_mt5_404_unknown_duel" time="0.055" /><testcase classname="backend.tests.backend_test.TestConfirmLogin" name="test_confirm_login_persists" time="0.135" /><testcase classname="backend.tests.backend_test.TestConfirmLogin" name="test_confirm_login_404" time="0.056" /><testcase classname="backend.tests.backend_test.TestAdminDuelsMT5" name="test_admin_duels_has_mt5_fields" time="9.601" /><testcase classname="backend.tests.backend_test.TestAdminDuelsMT5" name="test_admin_matches_by_status_groups" time="0.089" /><testcase classname="backend.tests.backend_test.TestAdminSettlements" name="test_list_settlements" time="0.058" /><testcase classname="backend.tests.backend_test.TestAdminSettlements" name="test_settlement_detail_mock" time="0.108" /><testcase classname="backend.tests.backend_test.TestOpenDuels" name="test_open_duels_returns_only_pairing" time="1.469" /><testcase classname="backend.tests.backend_test.TestOpenDuels" name="test_open_duels_separate_from_live" time="7.635" /><testcase classname="backend.tests.backend_test.TestTradingStation" name="test_station_returns_grouped" time="5.707" /><testcase classname="backend.tests.backend_test.TestTradingStation" name="test_station_active_contains_live_duels" time="5.701" /><testcase classname="backend.tests.backend_test.TestTradingStation" name="test_station_row_schema" time="5.698" /><testcase classname="backend.tests.backend_test.TestAffiliate" name="test_me_affiliate" time="0.060" /></testsuite></testsuites>